<?xml version="1.0" encoding="UTF-8"?>
<testng-results ignored="0" total="1" passed="1" failed="0" skipped="0">
  <reporter-output>
  </reporter-output>
  <suite started-at="2024-06-05T11:54:57 IST" name="Default suite" finished-at="2024-06-05T11:55:01 IST" duration-ms="4113">
    <groups>
    </groups>
    <test started-at="2024-06-05T11:54:57 IST" name="Default test" finished-at="2024-06-05T11:55:01 IST" duration-ms="4113">
      <class name="com.eva.testcases.HomePageTestScript">
        <test-method is-config="true" signature="createReport()[pri:0, instance:com.eva.testcases.HomePageTestScript@557caf28]" started-at="2024-06-05T11:54:41 IST" name="createReport" finished-at="2024-06-05T11:54:57 IST" duration-ms="15914" status="PASS">
          <reporter-output>
          </reporter-output>
        </test-method> <!-- createReport -->
        <test-method is-config="true" signature="beforMethodClass(java.lang.reflect.Method)[pri:0, instance:com.eva.testcases.HomePageTestScript@557caf28]" started-at="2024-06-05T11:54:57 IST" name="beforMethodClass" finished-at="2024-06-05T11:54:57 IST" duration-ms="36" status="PASS">
          <params>
            <param index="0">
              <value>
                <![CDATA[public void com.eva.testcases.HomePageTestScript.verifyDummyApplication()]]>
              </value>
            </param>
          </params>
          <reporter-output>
          </reporter-output>
        </test-method> <!-- beforMethodClass -->
        <test-method signature="verifyDummyApplication()[pri:0, instance:com.eva.testcases.HomePageTestScript@557caf28]" started-at="2024-06-05T11:54:57 IST" name="verifyDummyApplication" finished-at="2024-06-05T11:55:00 IST" duration-ms="3140" status="PASS">
          <reporter-output>
          </reporter-output>
        </test-method> <!-- verifyDummyApplication -->
        <test-method is-config="true" signature="tearDown()[pri:0, instance:com.eva.testcases.HomePageTestScript@557caf28]" started-at="2024-06-05T11:55:00 IST" name="tearDown" finished-at="2024-06-05T11:55:01 IST" duration-ms="811" status="PASS">
          <reporter-output>
          </reporter-output>
        </test-method> <!-- tearDown -->
        <test-method is-config="true" signature="afterSuite()[pri:0, instance:com.eva.testcases.HomePageTestScript@557caf28]" started-at="2024-06-05T11:55:01 IST" name="afterSuite" finished-at="2024-06-05T11:55:01 IST" duration-ms="34" status="PASS">
          <reporter-output>
          </reporter-output>
        </test-method> <!-- afterSuite -->
      </class> <!-- com.eva.testcases.HomePageTestScript -->
    </test> <!-- Default test -->
  </suite> <!-- Default suite -->
</testng-results>
